Using pre-set license
Built from '2020.2/release' branch; Version is '2020.2.1f1 (270dd8c3da1c) revision 2559448'; Using compiler version '192528614'; Build Type 'Release'
OS: 'Windows 10  (10.0.0) 64bit' Language: 'en' Physical Memory: 7969 MB
BatchMode: 1, IsHumanControllingUs: 0, StartBugReporterOnCrash: 0, Is64bit: 1, IsPro: 0

 COMMAND LINE ARGUMENTS:
C:\Program Files\Unity\Hub\Editor\2020.2.1f1\Editor\Unity.exe
-adb2
-batchMode
-noUpm
-name
AssetImportWorker1
-projectPath
C:/Users/jenny/OneDrive/Documents/Interactive Multimedia and Design/Game Development/JusticeHeistGame - Copy
-logFile
Logs/AssetImportWorker1.log
-srvPort
49952
Successfully changed project path to: C:/Users/jenny/OneDrive/Documents/Interactive Multimedia and Design/Game Development/JusticeHeistGame - Copy
C:/Users/jenny/OneDrive/Documents/Interactive Multimedia and Design/Game Development/JusticeHeistGame - Copy
Using Asset Import Pipeline V2.
Refreshing native plugins compatible for Editor in 198.47 ms, found 1 plugins.
Preloading 0 native plugins for Editor in 0.00 ms.
Initialize engine version: 2020.2.1f1 (270dd8c3da1c)
[Subsystems] Discovering subsystems at path C:/Program Files/Unity/Hub/Editor/2020.2.1f1/Editor/Data/Resources/UnitySubsystems
[Subsystems] Discovering subsystems at path C:/Users/jenny/OneDrive/Documents/Interactive Multimedia and Design/Game Development/JusticeHeistGame - Copy/Assets
GfxDevice: creating device client; threaded=0
Direct3D:
    Version:  Direct3D 11.0 [level 11.1]
    Renderer: Intel(R) UHD Graphics (ID=0x9b41)
    Vendor:   
    VRAM:     3984 MB
    Driver:   27.20.100.8681
Initialize mono
Mono path[0] = 'C:/Program Files/Unity/Hub/Editor/2020.2.1f1/Editor/Data/Managed'
Mono path[1] = 'C:/Program Files/Unity/Hub/Editor/2020.2.1f1/Editor/Data/MonoBleedingEdge/lib/mono/unityjit'
Mono config path = 'C:/Program Files/Unity/Hub/Editor/2020.2.1f1/Editor/Data/MonoBleedingEdge/etc'
Using monoOptions --debugger-agent=transport=dt_socket,embedding=1,server=y,suspend=n,address=127.0.0.1:56080
Begin MonoManager ReloadAssembly
Registering precompiled unity dll's ...
Register platform support module: C:/Program Files/Unity/Hub/Editor/2020.2.1f1/Editor/Data/PlaybackEngines/WebGLSupport/UnityEditor.WebGL.Extensions.dll
Register platform support module: C:/Program Files/Unity/Hub/Editor/2020.2.1f1/Editor/Data/PlaybackEngines/WindowsStandaloneSupport/UnityEditor.WindowsStandalone.Extensions.dll
Registered in 0.005967 seconds.
Native extension for WindowsStandalone target not found
Native extension for WebGL target not found
Refreshing native plugins compatible for Editor in 107.29 ms, found 1 plugins.
Preloading 0 native plugins for Editor in 0.00 ms.
Invoked RoslynAnalysisRunner static constructor.
RoslynAnalysisRunner will not be running.
RoslynAnalysisRunner has terminated.
Mono: successfully reloaded assembly
- Completed reload, in 14.188 seconds
Platform modules already initialized, skipping
Registering precompiled user dll's ...
Registered in 0.003795 seconds.
Begin MonoManager ReloadAssembly
Native extension for WindowsStandalone target not found
Native extension for WebGL target not found
Refreshing native plugins compatible for Editor in 118.92 ms, found 1 plugins.
Preloading 0 native plugins for Editor in 0.00 ms.
Invoked RoslynAnalysisRunner static constructor.
RoslynAnalysisRunner will not be running.
RoslynAnalysisRunner has terminated.
Mono: successfully reloaded assembly
- Completed reload, in  2.700 seconds
Platform modules already initialized, skipping
========================================================================
Worker process is ready to serve import requests
Launched and connected shader compiler UnityShaderCompiler.exe after 0.10 seconds
Refreshing native plugins compatible for Editor in 0.72 ms, found 1 plugins.
Preloading 0 native plugins for Editor in 0.00 ms.
Unloading 1957 Unused Serialized files (Serialized files now loaded: 0)
System memory in use before: 92.6 MB.
System memory in use after: 91.7 MB.

Unloading 39 unused Assets to reduce memory usage. Loaded Objects now: 2385.
Total: 4.054900 ms (FindLiveObjects: 0.342900 ms CreateObjectMapping: 0.104700 ms MarkObjects: 2.727300 ms  DeleteObjects: 0.877400 ms)

========================================================================
Received Import Request.
  path: Assets/Assets/Audio/Sound-Recordings_Game-1_Game-1.2-winning 1.wav
  artifactKey: Guid(3c97e0b52396a6e46a12c648e7a87dbc) Importer(815301076,1909f56bfc062723c751e8b465ee728b)
Start importing Assets/Assets/Audio/Sound-Recordings_Game-1_Game-1.2-winning 1.wav using Guid(3c97e0b52396a6e46a12c648e7a87dbc) Importer(815301076,1909f56bfc062723c751e8b465ee728b)  -> (artifact id: '855a426f2ed35a653a95ee8a995eaf87') in 0.273015 seconds
  Import took 0.282770 seconds .

========================================================================
Received Prepare
Registering precompiled user dll's ...
Registered in 0.003682 seconds.
Begin MonoManager ReloadAssembly
Native extension for WindowsStandalone target not found
Native extension for WebGL target not found
Refreshing native plugins compatible for Editor in 0.87 ms, found 1 plugins.
Preloading 0 native plugins for Editor in 0.00 ms.
Invoked RoslynAnalysisRunner static constructor.
RoslynAnalysisRunner will not be running.
RoslynAnalysisRunner has terminated.
Mono: successfully reloaded assembly
- Completed reload, in  2.545 seconds
Platform modules already initialized, skipping
Refreshing native plugins compatible for Editor in 1.06 ms, found 1 plugins.
Preloading 0 native plugins for Editor in 0.00 ms.
Unloading 1949 Unused Serialized files (Serialized files now loaded: 0)
System memory in use before: 95.6 MB.
System memory in use after: 94.8 MB.

Unloading 27 unused Assets to reduce memory usage. Loaded Objects now: 2397.
Total: 7.311800 ms (FindLiveObjects: 0.458500 ms CreateObjectMapping: 0.279300 ms MarkObjects: 4.992400 ms  DeleteObjects: 1.577600 ms)

========================================================================
Received Import Request.
  Time since last request: 220.052666 seconds.
  path: Assets/Scenes/scene2.unity
  artifactKey: Guid(a48b1929fc9793d42a32bb4c6ba4bdcd) Importer(815301076,1909f56bfc062723c751e8b465ee728b)
Start importing Assets/Scenes/scene2.unity using Guid(a48b1929fc9793d42a32bb4c6ba4bdcd) Importer(815301076,1909f56bfc062723c751e8b465ee728b)  -> (artifact id: '5a153f29cff7c36d43a920231a077000') in 0.027631 seconds
  Import took 0.035218 seconds .

========================================================================
Received Import Request.
  Time since last request: 0.001722 seconds.
  path: Assets/Scenes/scene2.unity
  artifactKey: Guid(a48b1929fc9793d42a32bb4c6ba4bdcd) Importer(815301076,1909f56bfc062723c751e8b465ee728b)
Start importing Assets/Scenes/scene2.unity using Guid(a48b1929fc9793d42a32bb4c6ba4bdcd) Importer(815301076,1909f56bfc062723c751e8b465ee728b)  -> (artifact id: '5a153f29cff7c36d43a920231a077000') in 0.006149 seconds
  Import took 0.012689 seconds .

========================================================================
Received Import Request.
  Time since last request: 5.884122 seconds.
  path: Assets/Scenes/scene1.unity
  artifactKey: Guid(907a72da63a4f9f4a8afe9ddcc4974c1) Importer(815301076,1909f56bfc062723c751e8b465ee728b)
Start importing Assets/Scenes/scene1.unity using Guid(907a72da63a4f9f4a8afe9ddcc4974c1) Importer(815301076,1909f56bfc062723c751e8b465ee728b)  -> (artifact id: '36d1a9d9ea8d9c1c2848f8df1c30a718') in 0.007559 seconds
  Import took 0.015077 seconds .

========================================================================
Received Import Request.
  Time since last request: 278.105821 seconds.
  path: Assets/Assets/Menus+Buttons/open_elevator.png
  artifactKey: Guid(f704cebf283dff642b79e15c69150a30) Importer(815301076,1909f56bfc062723c751e8b465ee728b)
Start importing Assets/Assets/Menus+Buttons/open_elevator.png using Guid(f704cebf283dff642b79e15c69150a30) Importer(815301076,1909f56bfc062723c751e8b465ee728b)  -> (artifact id: '7f0312ba3863c3098c6a8de44d72c1c5') in 0.088282 seconds
  Import took 0.094776 seconds .

========================================================================
Received Import Request.
  Time since last request: 29.370201 seconds.
  path: Assets/Level1Scripts/Elevator.cs
  artifactKey: Guid(cf19ca069faccd5468721f7dce946550) Importer(815301076,1909f56bfc062723c751e8b465ee728b)
Start importing Assets/Level1Scripts/Elevator.cs using Guid(cf19ca069faccd5468721f7dce946550) Importer(815301076,1909f56bfc062723c751e8b465ee728b)  -> (artifact id: '9a523d41cd0d4959865828c302c21e14') in 0.022590 seconds
  Import took 0.030777 seconds .

========================================================================
Received Prepare
Registering precompiled user dll's ...
Registered in 0.002227 seconds.
Begin MonoManager ReloadAssembly
Native extension for WindowsStandalone target not found
Native extension for WebGL target not found
Refreshing native plugins compatible for Editor in 0.73 ms, found 1 plugins.
Preloading 0 native plugins for Editor in 0.00 ms.
Invoked RoslynAnalysisRunner static constructor.
RoslynAnalysisRunner will not be running.
RoslynAnalysisRunner has terminated.
Mono: successfully reloaded assembly
- Completed reload, in  2.450 seconds
Platform modules already initialized, skipping
Refreshing native plugins compatible for Editor in 0.79 ms, found 1 plugins.
Preloading 0 native plugins for Editor in 0.00 ms.
Unloading 1949 Unused Serialized files (Serialized files now loaded: 0)
System memory in use before: 95.8 MB.
System memory in use after: 94.9 MB.

Unloading 27 unused Assets to reduce memory usage. Loaded Objects now: 2404.
Total: 6.072100 ms (FindLiveObjects: 0.477800 ms CreateObjectMapping: 0.231300 ms MarkObjects: 4.213200 ms  DeleteObjects: 1.146100 ms)

========================================================================
Received Import Request.
  Time since last request: 600.724327 seconds.
  path: Assets/Level1Scripts/Elevator.cs
  artifactKey: Guid(cf19ca069faccd5468721f7dce946550) Importer(815301076,1909f56bfc062723c751e8b465ee728b)
Start importing Assets/Level1Scripts/Elevator.cs using Guid(cf19ca069faccd5468721f7dce946550) Importer(815301076,1909f56bfc062723c751e8b465ee728b)  -> (artifact id: '829885cd81c02deb2377b36c3c7a0cb5') in 0.010615 seconds
  Import took 0.022206 seconds .

========================================================================
Received Import Request.
  Time since last request: 21.549590 seconds.
  path: Assets/Assets/Audio/Sound-Recordings_Game-2_Game-2.1-winning.wav
  artifactKey: Guid(f36474e988393e94db33358549d4e0e8) Importer(815301076,1909f56bfc062723c751e8b465ee728b)
Start importing Assets/Assets/Audio/Sound-Recordings_Game-2_Game-2.1-winning.wav using Guid(f36474e988393e94db33358549d4e0e8) Importer(815301076,1909f56bfc062723c751e8b465ee728b)  -> (artifact id: 'ec0b9b45ba88da899e07cbb1794f6856') in 0.105803 seconds
  Import took 0.114672 seconds .

========================================================================
Received Prepare
Registering precompiled user dll's ...
Registered in 0.002406 seconds.
Begin MonoManager ReloadAssembly
Native extension for WindowsStandalone target not found
Native extension for WebGL target not found
Refreshing native plugins compatible for Editor in 0.80 ms, found 1 plugins.
Preloading 0 native plugins for Editor in 0.00 ms.
Invoked RoslynAnalysisRunner static constructor.
RoslynAnalysisRunner will not be running.
RoslynAnalysisRunner has terminated.
Mono: successfully reloaded assembly
- Completed reload, in  1.972 seconds
Platform modules already initialized, skipping
Refreshing native plugins compatible for Editor in 0.83 ms, found 1 plugins.
Preloading 0 native plugins for Editor in 0.00 ms.
Unloading 1949 Unused Serialized files (Serialized files now loaded: 0)
System memory in use before: 95.9 MB.
System memory in use after: 95.1 MB.

Unloading 27 unused Assets to reduce memory usage. Loaded Objects now: 2408.
Total: 4.672900 ms (FindLiveObjects: 0.462600 ms CreateObjectMapping: 0.185500 ms MarkObjects: 3.271100 ms  DeleteObjects: 0.751400 ms)

========================================================================
Received Prepare
Registering precompiled user dll's ...
Registered in 0.002833 seconds.
Begin MonoManager ReloadAssembly
Native extension for WindowsStandalone target not found
Native extension for WebGL target not found
Refreshing native plugins compatible for Editor in 0.90 ms, found 1 plugins.
Preloading 0 native plugins for Editor in 0.00 ms.
Invoked RoslynAnalysisRunner static constructor.
RoslynAnalysisRunner will not be running.
RoslynAnalysisRunner has terminated.
Mono: successfully reloaded assembly
- Completed reload, in  2.564 seconds
Platform modules already initialized, skipping
Refreshing native plugins compatible for Editor in 0.85 ms, found 1 plugins.
Preloading 0 native plugins for Editor in 0.00 ms.
Unloading 1949 Unused Serialized files (Serialized files now loaded: 0)
System memory in use before: 96.1 MB.
System memory in use after: 95.2 MB.

Unloading 27 unused Assets to reduce memory usage. Loaded Objects now: 2411.
Total: 3.938700 ms (FindLiveObjects: 0.325900 ms CreateObjectMapping: 0.106600 ms MarkObjects: 2.621800 ms  DeleteObjects: 0.882300 ms)

========================================================================
Received Import Request.
  Time since last request: 226.547512 seconds.
  path: Assets/Assets/Sprites
  artifactKey: Guid(f8ef3ce19f65b51468b8cc7e6db76339) Importer(815301076,1909f56bfc062723c751e8b465ee728b)
Start importing Assets/Assets/Sprites using Guid(f8ef3ce19f65b51468b8cc7e6db76339) Importer(815301076,1909f56bfc062723c751e8b465ee728b)  -> (artifact id: 'e6a8f0b451841db36d48155dca4b83ea') in 0.012981 seconds
  Import took 0.021323 seconds .

========================================================================
Received Import Request.
  Time since last request: 193.982576 seconds.
  path: Assets/Scenes/scene3.unity
  artifactKey: Guid(1cad07e957b004c44917e9ae308df5de) Importer(815301076,1909f56bfc062723c751e8b465ee728b)
Start importing Assets/Scenes/scene3.unity using Guid(1cad07e957b004c44917e9ae308df5de) Importer(815301076,1909f56bfc062723c751e8b465ee728b)  -> (artifact id: '27d2333c0c4d1a44d74ce7ef9bc3accd') in 0.023846 seconds
  Import took 0.031445 seconds .

========================================================================
Received Import Request.
  Time since last request: 0.001646 seconds.
  path: Assets/Scenes/scene3.unity
  artifactKey: Guid(1cad07e957b004c44917e9ae308df5de) Importer(815301076,1909f56bfc062723c751e8b465ee728b)
Start importing Assets/Scenes/scene3.unity using Guid(1cad07e957b004c44917e9ae308df5de) Importer(815301076,1909f56bfc062723c751e8b465ee728b)  -> (artifact id: '27d2333c0c4d1a44d74ce7ef9bc3accd') in 0.006899 seconds
  Import took 0.014150 seconds .

========================================================================
Received Prepare
Registering precompiled user dll's ...
Registered in 0.003246 seconds.
Begin MonoManager ReloadAssembly
Native extension for WindowsStandalone target not found
Native extension for WebGL target not found
Refreshing native plugins compatible for Editor in 0.85 ms, found 1 plugins.
Preloading 0 native plugins for Editor in 0.00 ms.
Invoked RoslynAnalysisRunner static constructor.
RoslynAnalysisRunner will not be running.
RoslynAnalysisRunner has terminated.
Mono: successfully reloaded assembly
- Completed reload, in  1.780 seconds
Platform modules already initialized, skipping
Refreshing native plugins compatible for Editor in 0.78 ms, found 1 plugins.
Preloading 0 native plugins for Editor in 0.00 ms.
Unloading 1949 Unused Serialized files (Serialized files now loaded: 0)
System memory in use before: 96.2 MB.
System memory in use after: 95.4 MB.

Unloading 27 unused Assets to reduce memory usage. Loaded Objects now: 2414.
Total: 4.165000 ms (FindLiveObjects: 0.266900 ms CreateObjectMapping: 0.135900 ms MarkObjects: 2.874900 ms  DeleteObjects: 0.884900 ms)

========================================================================
Received Import Request.
  Time since last request: 203.002443 seconds.
  path: Assets/Scenes/scene2.unity
  artifactKey: Guid(a48b1929fc9793d42a32bb4c6ba4bdcd) Importer(815301076,1909f56bfc062723c751e8b465ee728b)
Start importing Assets/Scenes/scene2.unity using Guid(a48b1929fc9793d42a32bb4c6ba4bdcd) Importer(815301076,1909f56bfc062723c751e8b465ee728b)  -> (artifact id: 'bd167b4d6cd2642964f3ee57687b9a8b') in 0.030767 seconds
  Import took 0.039199 seconds .

========================================================================
Received Prepare
Registering precompiled user dll's ...
Registered in 0.003777 seconds.
Begin MonoManager ReloadAssembly
Native extension for WindowsStandalone target not found
Native extension for WebGL target not found
Refreshing native plugins compatible for Editor in 1.08 ms, found 1 plugins.
Preloading 0 native plugins for Editor in 0.00 ms.
Invoked RoslynAnalysisRunner static constructor.
RoslynAnalysisRunner will not be running.
RoslynAnalysisRunner has terminated.
Mono: successfully reloaded assembly
- Completed reload, in  2.562 seconds
Platform modules already initialized, skipping
Refreshing native plugins compatible for Editor in 0.84 ms, found 1 plugins.
Preloading 0 native plugins for Editor in 0.00 ms.
Unloading 1949 Unused Serialized files (Serialized files now loaded: 0)
System memory in use before: 96.3 MB.
System memory in use after: 95.5 MB.

Unloading 27 unused Assets to reduce memory usage. Loaded Objects now: 2417.
Total: 3.990400 ms (FindLiveObjects: 0.281800 ms CreateObjectMapping: 0.132800 ms MarkObjects: 2.737000 ms  DeleteObjects: 0.836500 ms)

========================================================================
Received Prepare
Registering precompiled user dll's ...
Registered in 0.003680 seconds.
Begin MonoManager ReloadAssembly
Native extension for WindowsStandalone target not found
Native extension for WebGL target not found
Refreshing native plugins compatible for Editor in 0.79 ms, found 1 plugins.
Preloading 0 native plugins for Editor in 0.00 ms.
Invoked RoslynAnalysisRunner static constructor.
RoslynAnalysisRunner will not be running.
RoslynAnalysisRunner has terminated.
Mono: successfully reloaded assembly
- Completed reload, in  2.342 seconds
Platform modules already initialized, skipping
Refreshing native plugins compatible for Editor in 1.00 ms, found 1 plugins.
Preloading 0 native plugins for Editor in 0.00 ms.
Unloading 1949 Unused Serialized files (Serialized files now loaded: 0)
System memory in use before: 96.5 MB.
System memory in use after: 95.6 MB.

Unloading 27 unused Assets to reduce memory usage. Loaded Objects now: 2420.
Total: 4.348500 ms (FindLiveObjects: 0.288200 ms CreateObjectMapping: 0.099200 ms MarkObjects: 3.115500 ms  DeleteObjects: 0.843300 ms)

========================================================================
Received Prepare
Registering precompiled user dll's ...
Registered in 0.003793 seconds.
Begin MonoManager ReloadAssembly
Native extension for WindowsStandalone target not found
Native extension for WebGL target not found
Refreshing native plugins compatible for Editor in 0.64 ms, found 1 plugins.
Preloading 0 native plugins for Editor in 0.00 ms.
Invoked RoslynAnalysisRunner static constructor.
RoslynAnalysisRunner will not be running.
RoslynAnalysisRunner has terminated.
Mono: successfully reloaded assembly
- Completed reload, in  2.308 seconds
Platform modules already initialized, skipping
Refreshing native plugins compatible for Editor in 0.48 ms, found 1 plugins.
Preloading 0 native plugins for Editor in 0.00 ms.
Unloading 1949 Unused Serialized files (Serialized files now loaded: 0)
System memory in use before: 96.5 MB.
System memory in use after: 95.7 MB.

Unloading 27 unused Assets to reduce memory usage. Loaded Objects now: 2423.
Total: 5.015700 ms (FindLiveObjects: 0.496400 ms CreateObjectMapping: 0.269200 ms MarkObjects: 3.427300 ms  DeleteObjects: 0.819800 ms)

========================================================================
Received Import Request.
  Time since last request: 358.612942 seconds.
  path: Assets/Scenes/scene3.unity
  artifactKey: Guid(1cad07e957b004c44917e9ae308df5de) Importer(815301076,1909f56bfc062723c751e8b465ee728b)
Start importing Assets/Scenes/scene3.unity using Guid(1cad07e957b004c44917e9ae308df5de) Importer(815301076,1909f56bfc062723c751e8b465ee728b)  -> (artifact id: '2860c17e2de62157fb616a688a50c26b') in 0.022657 seconds
  Import took 0.027881 seconds .

========================================================================
Received Import Request.
  Time since last request: 0.000913 seconds.
  path: Assets/Scenes/scene3.unity
  artifactKey: Guid(1cad07e957b004c44917e9ae308df5de) Importer(815301076,1909f56bfc062723c751e8b465ee728b)
Start importing Assets/Scenes/scene3.unity using Guid(1cad07e957b004c44917e9ae308df5de) Importer(815301076,1909f56bfc062723c751e8b465ee728b)  -> (artifact id: '2860c17e2de62157fb616a688a50c26b') in 0.005790 seconds
  Import took 0.010593 seconds .

========================================================================
Received Prepare
Registering precompiled user dll's ...
Registered in 0.002301 seconds.
Begin MonoManager ReloadAssembly
Native extension for WindowsStandalone target not found
Native extension for WebGL target not found
Refreshing native plugins compatible for Editor in 1.06 ms, found 1 plugins.
Preloading 0 native plugins for Editor in 0.00 ms.
Invoked RoslynAnalysisRunner static constructor.
RoslynAnalysisRunner will not be running.
RoslynAnalysisRunner has terminated.
Mono: successfully reloaded assembly
- Completed reload, in  2.232 seconds
Platform modules already initialized, skipping
Refreshing native plugins compatible for Editor in 0.99 ms, found 1 plugins.
Preloading 0 native plugins for Editor in 0.00 ms.
Unloading 1949 Unused Serialized files (Serialized files now loaded: 0)
System memory in use before: 96.7 MB.
System memory in use after: 95.9 MB.

Unloading 27 unused Assets to reduce memory usage. Loaded Objects now: 2426.
Total: 4.526800 ms (FindLiveObjects: 0.281500 ms CreateObjectMapping: 0.091400 ms MarkObjects: 2.929800 ms  DeleteObjects: 1.221700 ms)

========================================================================
Received Prepare
Registering precompiled user dll's ...
Registered in 0.003136 seconds.
Begin MonoManager ReloadAssembly
Native extension for WindowsStandalone target not found
Native extension for WebGL target not found
Refreshing native plugins compatible for Editor in 0.96 ms, found 1 plugins.
Preloading 0 native plugins for Editor in 0.00 ms.
Invoked RoslynAnalysisRunner static constructor.
RoslynAnalysisRunner will not be running.
RoslynAnalysisRunner has terminated.
Mono: successfully reloaded assembly
- Completed reload, in  2.574 seconds
Platform modules already initialized, skipping
Refreshing native plugins compatible for Editor in 0.78 ms, found 1 plugins.
Preloading 0 native plugins for Editor in 0.00 ms.
Unloading 1949 Unused Serialized files (Serialized files now loaded: 0)
System memory in use before: 96.9 MB.
System memory in use after: 96.0 MB.

Unloading 27 unused Assets to reduce memory usage. Loaded Objects now: 2429.
Total: 5.241700 ms (FindLiveObjects: 0.353400 ms CreateObjectMapping: 0.152500 ms MarkObjects: 3.722300 ms  DeleteObjects: 1.010300 ms)

========================================================================
Received Prepare
Registering precompiled user dll's ...
Registered in 0.002077 seconds.
Begin MonoManager ReloadAssembly
Native extension for WindowsStandalone target not found
Native extension for WebGL target not found
Refreshing native plugins compatible for Editor in 0.79 ms, found 1 plugins.
Preloading 0 native plugins for Editor in 0.00 ms.
Invoked RoslynAnalysisRunner static constructor.
RoslynAnalysisRunner will not be running.
RoslynAnalysisRunner has terminated.
Mono: successfully reloaded assembly
- Completed reload, in  2.216 seconds
Platform modules already initialized, skipping
Refreshing native plugins compatible for Editor in 0.88 ms, found 1 plugins.
Preloading 0 native plugins for Editor in 0.00 ms.
Unloading 1949 Unused Serialized files (Serialized files now loaded: 0)
System memory in use before: 97.0 MB.
System memory in use after: 96.2 MB.

Unloading 27 unused Assets to reduce memory usage. Loaded Objects now: 2432.
Total: 5.632300 ms (FindLiveObjects: 0.506000 ms CreateObjectMapping: 0.207200 ms MarkObjects: 3.708700 ms  DeleteObjects: 1.207700 ms)

========================================================================
Received Prepare
Registering precompiled user dll's ...
Registered in 0.002278 seconds.
Begin MonoManager ReloadAssembly
Native extension for WindowsStandalone target not found
Native extension for WebGL target not found
Refreshing native plugins compatible for Editor in 0.74 ms, found 1 plugins.
Preloading 0 native plugins for Editor in 0.00 ms.
Invoked RoslynAnalysisRunner static constructor.
RoslynAnalysisRunner will not be running.
RoslynAnalysisRunner has terminated.
Mono: successfully reloaded assembly
- Completed reload, in  2.618 seconds
Platform modules already initialized, skipping
Refreshing native plugins compatible for Editor in 1.40 ms, found 1 plugins.
Preloading 0 native plugins for Editor in 0.00 ms.
Unloading 1949 Unused Serialized files (Serialized files now loaded: 0)
System memory in use before: 97.1 MB.
System memory in use after: 96.3 MB.

Unloading 27 unused Assets to reduce memory usage. Loaded Objects now: 2435.
Total: 7.276600 ms (FindLiveObjects: 0.598000 ms CreateObjectMapping: 0.280300 ms MarkObjects: 4.714400 ms  DeleteObjects: 1.679800 ms)

========================================================================
Received Prepare
Registering precompiled user dll's ...
Registered in 0.002442 seconds.
Begin MonoManager ReloadAssembly
Native extension for WindowsStandalone target not found
Native extension for WebGL target not found
Refreshing native plugins compatible for Editor in 0.81 ms, found 1 plugins.
Preloading 0 native plugins for Editor in 0.00 ms.
Invoked RoslynAnalysisRunner static constructor.
RoslynAnalysisRunner will not be running.
RoslynAnalysisRunner has terminated.
Mono: successfully reloaded assembly
- Completed reload, in  2.290 seconds
Platform modules already initialized, skipping
Refreshing native plugins compatible for Editor in 0.98 ms, found 1 plugins.
Preloading 0 native plugins for Editor in 0.00 ms.
Unloading 1949 Unused Serialized files (Serialized files now loaded: 0)
System memory in use before: 97.2 MB.
System memory in use after: 96.4 MB.

Unloading 27 unused Assets to reduce memory usage. Loaded Objects now: 2438.
Total: 3.965500 ms (FindLiveObjects: 0.237300 ms CreateObjectMapping: 0.087100 ms MarkObjects: 2.888700 ms  DeleteObjects: 0.750400 ms)

========================================================================
Received Import Request.
  Time since last request: 1240.065083 seconds.
  path: Assets/Assets/Audio/Sound-Recordings_Game-1_Game-1.3-losing.wav
  artifactKey: Guid(5f6cce8083951134fa6ed1a5d884216d) Importer(815301076,1909f56bfc062723c751e8b465ee728b)
Start importing Assets/Assets/Audio/Sound-Recordings_Game-1_Game-1.3-losing.wav using Guid(5f6cce8083951134fa6ed1a5d884216d) Importer(815301076,1909f56bfc062723c751e8b465ee728b)  -> (artifact id: 'dbf92ac4e52938f6dce45fe792d4e010') in 0.139146 seconds
  Import took 0.146546 seconds .

========================================================================
Received Prepare
Registering precompiled user dll's ...
Registered in 0.003264 seconds.
Begin MonoManager ReloadAssembly
Native extension for WindowsStandalone target not found
Native extension for WebGL target not found
Refreshing native plugins compatible for Editor in 0.90 ms, found 1 plugins.
Preloading 0 native plugins for Editor in 0.00 ms.
Invoked RoslynAnalysisRunner static constructor.
RoslynAnalysisRunner will not be running.
RoslynAnalysisRunner has terminated.
Mono: successfully reloaded assembly
- Completed reload, in  1.936 seconds
Platform modules already initialized, skipping
Refreshing native plugins compatible for Editor in 0.98 ms, found 1 plugins.
Preloading 0 native plugins for Editor in 0.00 ms.
Unloading 1949 Unused Serialized files (Serialized files now loaded: 0)
System memory in use before: 97.3 MB.
System memory in use after: 96.6 MB.

Unloading 27 unused Assets to reduce memory usage. Loaded Objects now: 2442.
Total: 5.877100 ms (FindLiveObjects: 0.506000 ms CreateObjectMapping: 0.318200 ms MarkObjects: 3.667600 ms  DeleteObjects: 1.382400 ms)

========================================================================
Received Prepare
Registering precompiled user dll's ...
Registered in 0.003703 seconds.
Begin MonoManager ReloadAssembly
Native extension for WindowsStandalone target not found
Native extension for WebGL target not found
Refreshing native plugins compatible for Editor in 0.85 ms, found 1 plugins.
Preloading 0 native plugins for Editor in 0.00 ms.
Invoked RoslynAnalysisRunner static constructor.
RoslynAnalysisRunner will not be running.
RoslynAnalysisRunner has terminated.
Mono: successfully reloaded assembly
- Completed reload, in  2.693 seconds
Platform modules already initialized, skipping
Refreshing native plugins compatible for Editor in 0.79 ms, found 1 plugins.
Preloading 0 native plugins for Editor in 0.00 ms.
Unloading 1949 Unused Serialized files (Serialized files now loaded: 0)
System memory in use before: 97.5 MB.
System memory in use after: 96.7 MB.

Unloading 27 unused Assets to reduce memory usage. Loaded Objects now: 2445.
Total: 7.220100 ms (FindLiveObjects: 0.456500 ms CreateObjectMapping: 0.230300 ms MarkObjects: 4.873300 ms  DeleteObjects: 1.656500 ms)

========================================================================
Received Prepare
Registering precompiled user dll's ...
Registered in 0.004927 seconds.
Begin MonoManager ReloadAssembly
Native extension for WindowsStandalone target not found
Native extension for WebGL target not found
Refreshing native plugins compatible for Editor in 0.79 ms, found 1 plugins.
Preloading 0 native plugins for Editor in 0.00 ms.
Invoked RoslynAnalysisRunner static constructor.
RoslynAnalysisRunner will not be running.
RoslynAnalysisRunner has terminated.
Mono: successfully reloaded assembly
- Completed reload, in  1.975 seconds
Platform modules already initialized, skipping
Refreshing native plugins compatible for Editor in 0.76 ms, found 1 plugins.
Preloading 0 native plugins for Editor in 0.00 ms.
Unloading 1949 Unused Serialized files (Serialized files now loaded: 0)
System memory in use before: 97.5 MB.
System memory in use after: 96.7 MB.

Unloading 27 unused Assets to reduce memory usage. Loaded Objects now: 2448.
Total: 4.433000 ms (FindLiveObjects: 0.614400 ms CreateObjectMapping: 0.274500 ms MarkObjects: 2.679000 ms  DeleteObjects: 0.862100 ms)

========================================================================
Received Prepare
Registering precompiled user dll's ...
Registered in 0.002801 seconds.
Begin MonoManager ReloadAssembly
Native extension for WindowsStandalone target not found
Native extension for WebGL target not found
Refreshing native plugins compatible for Editor in 1.21 ms, found 1 plugins.
Preloading 0 native plugins for Editor in 0.00 ms.
Invoked RoslynAnalysisRunner static constructor.
RoslynAnalysisRunner will not be running.
RoslynAnalysisRunner has terminated.
Mono: successfully reloaded assembly
- Completed reload, in  2.756 seconds
Platform modules already initialized, skipping
Refreshing native plugins compatible for Editor in 0.90 ms, found 1 plugins.
Preloading 0 native plugins for Editor in 0.00 ms.
Unloading 1949 Unused Serialized files (Serialized files now loaded: 0)
System memory in use before: 96.8 MB.
System memory in use after: 96.0 MB.

Unloading 27 unused Assets to reduce memory usage. Loaded Objects now: 2451.
Total: 7.575200 ms (FindLiveObjects: 0.508700 ms CreateObjectMapping: 0.187300 ms MarkObjects: 5.261900 ms  DeleteObjects: 1.613800 ms)

========================================================================
Received Prepare
Registering precompiled user dll's ...
Registered in 0.006923 seconds.
Begin MonoManager ReloadAssembly
Native extension for WindowsStandalone target not found
Native extension for WebGL target not found
Refreshing native plugins compatible for Editor in 1.05 ms, found 1 plugins.
Preloading 0 native plugins for Editor in 0.00 ms.
Invoked RoslynAnalysisRunner static constructor.
RoslynAnalysisRunner will not be running.
RoslynAnalysisRunner has terminated.
Mono: successfully reloaded assembly
- Completed reload, in  2.101 seconds
Platform modules already initialized, skipping
Refreshing native plugins compatible for Editor in 1.22 ms, found 1 plugins.
Preloading 0 native plugins for Editor in 0.00 ms.
Unloading 1949 Unused Serialized files (Serialized files now loaded: 0)
System memory in use before: 96.9 MB.
System memory in use after: 96.1 MB.

Unloading 27 unused Assets to reduce memory usage. Loaded Objects now: 2454.
Total: 6.071800 ms (FindLiveObjects: 0.564300 ms CreateObjectMapping: 0.237600 ms MarkObjects: 4.005600 ms  DeleteObjects: 1.260800 ms)

========================================================================
Received Prepare
Registering precompiled user dll's ...
Registered in 0.002502 seconds.
Begin MonoManager ReloadAssembly
Native extension for WindowsStandalone target not found
Native extension for WebGL target not found
Refreshing native plugins compatible for Editor in 0.81 ms, found 1 plugins.
Preloading 0 native plugins for Editor in 0.00 ms.
Invoked RoslynAnalysisRunner static constructor.
RoslynAnalysisRunner will not be running.
RoslynAnalysisRunner has terminated.
Mono: successfully reloaded assembly
- Completed reload, in  2.384 seconds
Platform modules already initialized, skipping
Refreshing native plugins compatible for Editor in 1.14 ms, found 1 plugins.
Preloading 0 native plugins for Editor in 0.00 ms.
Unloading 1949 Unused Serialized files (Serialized files now loaded: 0)
System memory in use before: 97.0 MB.
System memory in use after: 96.2 MB.

Unloading 27 unused Assets to reduce memory usage. Loaded Objects now: 2457.
Total: 5.372600 ms (FindLiveObjects: 0.377800 ms CreateObjectMapping: 0.214900 ms MarkObjects: 3.579400 ms  DeleteObjects: 1.197700 ms)

========================================================================
Received Prepare
Registering precompiled user dll's ...
Registered in 0.002707 seconds.
Begin MonoManager ReloadAssembly
Native extension for WindowsStandalone target not found
Native extension for WebGL target not found
Refreshing native plugins compatible for Editor in 0.52 ms, found 1 plugins.
Preloading 0 native plugins for Editor in 0.00 ms.
Invoked RoslynAnalysisRunner static constructor.
RoslynAnalysisRunner will not be running.
RoslynAnalysisRunner has terminated.
Mono: successfully reloaded assembly
- Completed reload, in  2.315 seconds
Platform modules already initialized, skipping
Refreshing native plugins compatible for Editor in 0.90 ms, found 1 plugins.
Preloading 0 native plugins for Editor in 0.00 ms.
Unloading 1949 Unused Serialized files (Serialized files now loaded: 0)
System memory in use before: 97.2 MB.
System memory in use after: 96.3 MB.

Unloading 27 unused Assets to reduce memory usage. Loaded Objects now: 2460.
Total: 6.043600 ms (FindLiveObjects: 0.436400 ms CreateObjectMapping: 0.196300 ms MarkObjects: 3.887500 ms  DeleteObjects: 1.521200 ms)

========================================================================
Received Prepare
Registering precompiled user dll's ...
Registered in 0.002543 seconds.
Begin MonoManager ReloadAssembly
Native extension for WindowsStandalone target not found
Native extension for WebGL target not found
Refreshing native plugins compatible for Editor in 0.94 ms, found 1 plugins.
Preloading 0 native plugins for Editor in 0.00 ms.
Invoked RoslynAnalysisRunner static constructor.
RoslynAnalysisRunner will not be running.
RoslynAnalysisRunner has terminated.
Mono: successfully reloaded assembly
- Completed reload, in  2.384 seconds
Platform modules already initialized, skipping
Refreshing native plugins compatible for Editor in 0.95 ms, found 1 plugins.
Preloading 0 native plugins for Editor in 0.00 ms.
Unloading 1949 Unused Serialized files (Serialized files now loaded: 0)
System memory in use before: 97.3 MB.
System memory in use after: 96.5 MB.

Unloading 27 unused Assets to reduce memory usage. Loaded Objects now: 2463.
Total: 3.855100 ms (FindLiveObjects: 0.302200 ms CreateObjectMapping: 0.125500 ms MarkObjects: 2.552600 ms  DeleteObjects: 0.872100 ms)

========================================================================
Received Prepare
Registering precompiled user dll's ...
Registered in 0.005719 seconds.
Begin MonoManager ReloadAssembly
Native extension for WindowsStandalone target not found
Native extension for WebGL target not found
Refreshing native plugins compatible for Editor in 0.60 ms, found 1 plugins.
Preloading 0 native plugins for Editor in 0.00 ms.
Invoked RoslynAnalysisRunner static constructor.
RoslynAnalysisRunner will not be running.
RoslynAnalysisRunner has terminated.
Mono: successfully reloaded assembly
- Completed reload, in  2.691 seconds
Platform modules already initialized, skipping
Refreshing native plugins compatible for Editor in 0.79 ms, found 1 plugins.
Preloading 0 native plugins for Editor in 0.00 ms.
Unloading 1949 Unused Serialized files (Serialized files now loaded: 0)
System memory in use before: 97.4 MB.
System memory in use after: 96.6 MB.

Unloading 27 unused Assets to reduce memory usage. Loaded Objects now: 2466.
Total: 5.136600 ms (FindLiveObjects: 0.362600 ms CreateObjectMapping: 0.152000 ms MarkObjects: 3.473500 ms  DeleteObjects: 1.145100 ms)

========================================================================
Received Prepare
Registering precompiled user dll's ...
Registered in 0.003600 seconds.
Begin MonoManager ReloadAssembly
Native extension for WindowsStandalone target not found
Native extension for WebGL target not found
Refreshing native plugins compatible for Editor in 0.82 ms, found 1 plugins.
Preloading 0 native plugins for Editor in 0.00 ms.
Invoked RoslynAnalysisRunner static constructor.
RoslynAnalysisRunner will not be running.
RoslynAnalysisRunner has terminated.
Mono: successfully reloaded assembly
- Completed reload, in  2.176 seconds
Platform modules already initialized, skipping
Refreshing native plugins compatible for Editor in 0.83 ms, found 1 plugins.
Preloading 0 native plugins for Editor in 0.00 ms.
Unloading 1949 Unused Serialized files (Serialized files now loaded: 0)
System memory in use before: 97.5 MB.
System memory in use after: 96.7 MB.

Unloading 27 unused Assets to reduce memory usage. Loaded Objects now: 2469.
Total: 5.967500 ms (FindLiveObjects: 0.524000 ms CreateObjectMapping: 0.205800 ms MarkObjects: 3.929600 ms  DeleteObjects: 1.304500 ms)

========================================================================
Received Prepare
Registering precompiled user dll's ...
Registered in 0.004930 seconds.
Begin MonoManager ReloadAssembly
Native extension for WindowsStandalone target not found
Native extension for WebGL target not found
Refreshing native plugins compatible for Editor in 0.81 ms, found 1 plugins.
Preloading 0 native plugins for Editor in 0.00 ms.
Invoked RoslynAnalysisRunner static constructor.
RoslynAnalysisRunner will not be running.
RoslynAnalysisRunner has terminated.
Mono: successfully reloaded assembly
- Completed reload, in  2.460 seconds
Platform modules already initialized, skipping
Refreshing native plugins compatible for Editor in 0.83 ms, found 1 plugins.
Preloading 0 native plugins for Editor in 0.00 ms.
Unloading 1949 Unused Serialized files (Serialized files now loaded: 0)
System memory in use before: 97.6 MB.
System memory in use after: 96.8 MB.

Unloading 27 unused Assets to reduce memory usage. Loaded Objects now: 2472.
Total: 5.949800 ms (FindLiveObjects: 0.489800 ms CreateObjectMapping: 0.208600 ms MarkObjects: 4.057200 ms  DeleteObjects: 1.191000 ms)

========================================================================
Received Prepare
Registering precompiled user dll's ...
Registered in 0.004005 seconds.
Begin MonoManager ReloadAssembly
Native extension for WindowsStandalone target not found
Native extension for WebGL target not found
Refreshing native plugins compatible for Editor in 0.80 ms, found 1 plugins.
Preloading 0 native plugins for Editor in 0.00 ms.
Invoked RoslynAnalysisRunner static constructor.
RoslynAnalysisRunner will not be running.
RoslynAnalysisRunner has terminated.
Mono: successfully reloaded assembly
- Completed reload, in  2.640 seconds
Platform modules already initialized, skipping
Refreshing native plugins compatible for Editor in 0.54 ms, found 1 plugins.
Preloading 0 native plugins for Editor in 0.00 ms.
Unloading 1949 Unused Serialized files (Serialized files now loaded: 0)
System memory in use before: 96.8 MB.
System memory in use after: 96.0 MB.

Unloading 27 unused Assets to reduce memory usage. Loaded Objects now: 2475.
Total: 7.804000 ms (FindLiveObjects: 0.536300 ms CreateObjectMapping: 0.256800 ms MarkObjects: 5.504100 ms  DeleteObjects: 1.500700 ms)

========================================================================
Received Prepare
Registering precompiled user dll's ...
Registered in 0.002464 seconds.
Begin MonoManager ReloadAssembly
Native extension for WindowsStandalone target not found
Native extension for WebGL target not found
Refreshing native plugins compatible for Editor in 0.83 ms, found 1 plugins.
Preloading 0 native plugins for Editor in 0.00 ms.
Invoked RoslynAnalysisRunner static constructor.
RoslynAnalysisRunner will not be running.
RoslynAnalysisRunner has terminated.
Mono: successfully reloaded assembly
- Completed reload, in  2.505 seconds
Platform modules already initialized, skipping
Refreshing native plugins compatible for Editor in 0.86 ms, found 1 plugins.
Preloading 0 native plugins for Editor in 0.00 ms.
Unloading 1949 Unused Serialized files (Serialized files now loaded: 0)
System memory in use before: 96.9 MB.
System memory in use after: 96.1 MB.

Unloading 27 unused Assets to reduce memory usage. Loaded Objects now: 2478.
Total: 3.951900 ms (FindLiveObjects: 0.245100 ms CreateObjectMapping: 0.101500 ms MarkObjects: 2.778500 ms  DeleteObjects: 0.824700 ms)

========================================================================
Received Import Request.
  Time since last request: 4553.237818 seconds.
  path: Assets/Scenes/scene1.unity
  artifactKey: Guid(907a72da63a4f9f4a8afe9ddcc4974c1) Importer(815301076,1909f56bfc062723c751e8b465ee728b)
Start importing Assets/Scenes/scene1.unity using Guid(907a72da63a4f9f4a8afe9ddcc4974c1) Importer(815301076,1909f56bfc062723c751e8b465ee728b)  -> (artifact id: 'a5ecd14fc8ebf4fc0551d4cd48b1d402') in 0.032082 seconds
  Import took 0.040440 seconds .

========================================================================
Received Prepare
Registering precompiled user dll's ...
Registered in 0.003928 seconds.
Begin MonoManager ReloadAssembly
Native extension for WindowsStandalone target not found
Native extension for WebGL target not found
Refreshing native plugins compatible for Editor in 0.97 ms, found 1 plugins.
Preloading 0 native plugins for Editor in 0.00 ms.
Invoked RoslynAnalysisRunner static constructor.
RoslynAnalysisRunner will not be running.
RoslynAnalysisRunner has terminated.
Mono: successfully reloaded assembly
- Completed reload, in  2.527 seconds
Platform modules already initialized, skipping
Refreshing native plugins compatible for Editor in 0.80 ms, found 1 plugins.
Preloading 0 native plugins for Editor in 0.00 ms.
Unloading 1949 Unused Serialized files (Serialized files now loaded: 0)
System memory in use before: 97.1 MB.
System memory in use after: 96.3 MB.

Unloading 27 unused Assets to reduce memory usage. Loaded Objects now: 2481.
Total: 4.119500 ms (FindLiveObjects: 0.511000 ms CreateObjectMapping: 0.139500 ms MarkObjects: 2.502500 ms  DeleteObjects: 0.965000 ms)

========================================================================
Received Prepare
Registering precompiled user dll's ...
Registered in 0.011395 seconds.
Begin MonoManager ReloadAssembly
Native extension for WindowsStandalone target not found
Native extension for WebGL target not found
Refreshing native plugins compatible for Editor in 0.57 ms, found 1 plugins.
Preloading 0 native plugins for Editor in 0.00 ms.
Invoked RoslynAnalysisRunner static constructor.
RoslynAnalysisRunner will not be running.
RoslynAnalysisRunner has terminated.
Mono: successfully reloaded assembly
- Completed reload, in  3.383 seconds
Platform modules already initialized, skipping
Refreshing native plugins compatible for Editor in 1.61 ms, found 1 plugins.
Preloading 0 native plugins for Editor in 0.00 ms.
Unloading 1949 Unused Serialized files (Serialized files now loaded: 0)
System memory in use before: 97.2 MB.
System memory in use after: 96.4 MB.

Unloading 27 unused Assets to reduce memory usage. Loaded Objects now: 2484.
Total: 9.969200 ms (FindLiveObjects: 0.589300 ms CreateObjectMapping: 0.243800 ms MarkObjects: 6.154400 ms  DeleteObjects: 2.976200 ms)

========================================================================
Received Prepare
Registering precompiled user dll's ...
Registered in 0.003284 seconds.
Begin MonoManager ReloadAssembly
Native extension for WindowsStandalone target not found
Native extension for WebGL target not found
Refreshing native plugins compatible for Editor in 1.14 ms, found 1 plugins.
Preloading 0 native plugins for Editor in 0.00 ms.
Invoked RoslynAnalysisRunner static constructor.
RoslynAnalysisRunner will not be running.
RoslynAnalysisRunner has terminated.
Mono: successfully reloaded assembly
- Completed reload, in  3.129 seconds
Platform modules already initialized, skipping
Refreshing native plugins compatible for Editor in 1.29 ms, found 1 plugins.
Preloading 0 native plugins for Editor in 0.00 ms.
Unloading 1952 Unused Serialized files (Serialized files now loaded: 0)
System memory in use before: 97.4 MB.
System memory in use after: 96.6 MB.

Unloading 27 unused Assets to reduce memory usage. Loaded Objects now: 2487.
Total: 10.054100 ms (FindLiveObjects: 0.719400 ms CreateObjectMapping: 0.300500 ms MarkObjects: 6.010200 ms  DeleteObjects: 3.020000 ms)

========================================================================
Received Prepare
Refreshing native plugins compatible for Editor in 6.29 ms, found 1 plugins.
Preloading 0 native plugins for Editor in 0.00 ms.
Unloading 25 Unused Serialized files (Serialized files now loaded: 0)
System memory in use before: 58.7 MB.
System memory in use after: 57.9 MB.

Unloading 25 unused Assets to reduce memory usage. Loaded Objects now: 2487.
Total: 9.459000 ms (FindLiveObjects: 1.030100 ms CreateObjectMapping: 0.461000 ms MarkObjects: 6.038300 ms  DeleteObjects: 1.924600 ms)

========================================================================
Received Import Request.
  Time since last request: 7976.091301 seconds.
  path: Assets/Assets/Audio/Pursuit_free.mp3
  artifactKey: Guid(d95a3ce8292cfb44a964f660d4aa206d) Importer(815301076,1909f56bfc062723c751e8b465ee728b)
Start importing Assets/Assets/Audio/Pursuit_free.mp3 using Guid(d95a3ce8292cfb44a964f660d4aa206d) Importer(815301076,1909f56bfc062723c751e8b465ee728b)  -> (artifact id: '1615a0ec1490c0605f5ec9be69e24124') in 0.247650 seconds
  Import took 0.261731 seconds .

========================================================================
Received Prepare
Refreshing native plugins compatible for Editor in 8.92 ms, found 1 plugins.
Preloading 0 native plugins for Editor in 0.00 ms.
Unloading 25 Unused Serialized files (Serialized files now loaded: 0)
System memory in use before: 58.9 MB.
System memory in use after: 58.0 MB.

Unloading 25 unused Assets to reduce memory usage. Loaded Objects now: 2488.
Total: 8.327200 ms (FindLiveObjects: 0.642200 ms CreateObjectMapping: 0.266000 ms MarkObjects: 6.612300 ms  DeleteObjects: 0.803600 ms)

