Using pre-set license
Built from '2020.2/release' branch; Version is '2020.2.1f1 (270dd8c3da1c) revision 2559448'; Using compiler version '192528614'; Build Type 'Release'
OS: 'Windows 10  (10.0.0) 64bit' Language: 'en' Physical Memory: 7969 MB
BatchMode: 1, IsHumanControllingUs: 0, StartBugReporterOnCrash: 0, Is64bit: 1, IsPro: 0

 COMMAND LINE ARGUMENTS:
C:\Program Files\Unity\Hub\Editor\2020.2.1f1\Editor\Unity.exe
-adb2
-batchMode
-noUpm
-name
AssetImportWorker0
-projectPath
C:/Users/jenny/OneDrive/Documents/Interactive Multimedia and Design/Game Development/JusticeHeistGame - Copy
-logFile
Logs/AssetImportWorker0.log
-srvPort
50031
Successfully changed project path to: C:/Users/jenny/OneDrive/Documents/Interactive Multimedia and Design/Game Development/JusticeHeistGame - Copy
C:/Users/jenny/OneDrive/Documents/Interactive Multimedia and Design/Game Development/JusticeHeistGame - Copy
Using Asset Import Pipeline V2.
Refreshing native plugins compatible for Editor in 179.17 ms, found 1 plugins.
Preloading 0 native plugins for Editor in 0.00 ms.
Initialize engine version: 2020.2.1f1 (270dd8c3da1c)
[Subsystems] Discovering subsystems at path C:/Program Files/Unity/Hub/Editor/2020.2.1f1/Editor/Data/Resources/UnitySubsystems
[Subsystems] Discovering subsystems at path C:/Users/jenny/OneDrive/Documents/Interactive Multimedia and Design/Game Development/JusticeHeistGame - Copy/Assets
GfxDevice: creating device client; threaded=0
Direct3D:
    Version:  Direct3D 11.0 [level 11.1]
    Renderer: Intel(R) UHD Graphics (ID=0x9b41)
    Vendor:   
    VRAM:     3984 MB
    Driver:   27.20.100.8681
Initialize mono
Mono path[0] = 'C:/Program Files/Unity/Hub/Editor/2020.2.1f1/Editor/Data/Managed'
Mono path[1] = 'C:/Program Files/Unity/Hub/Editor/2020.2.1f1/Editor/Data/MonoBleedingEdge/lib/mono/unityjit'
Mono config path = 'C:/Program Files/Unity/Hub/Editor/2020.2.1f1/Editor/Data/MonoBleedingEdge/etc'
Using monoOptions --debugger-agent=transport=dt_socket,embedding=1,server=y,suspend=n,address=127.0.0.1:56840
Begin MonoManager ReloadAssembly
Registering precompiled unity dll's ...
Register platform support module: C:/Program Files/Unity/Hub/Editor/2020.2.1f1/Editor/Data/PlaybackEngines/WebGLSupport/UnityEditor.WebGL.Extensions.dll
Register platform support module: C:/Program Files/Unity/Hub/Editor/2020.2.1f1/Editor/Data/PlaybackEngines/WindowsStandaloneSupport/UnityEditor.WindowsStandalone.Extensions.dll
Registered in 0.007705 seconds.
Native extension for WindowsStandalone target not found
Native extension for WebGL target not found
Refreshing native plugins compatible for Editor in 130.48 ms, found 1 plugins.
Preloading 0 native plugins for Editor in 0.00 ms.
Invoked RoslynAnalysisRunner static constructor.
RoslynAnalysisRunner will not be running.
RoslynAnalysisRunner has terminated.
Mono: successfully reloaded assembly
- Completed reload, in  3.973 seconds
Platform modules already initialized, skipping
Registering precompiled user dll's ...
Registered in 0.012778 seconds.
Begin MonoManager ReloadAssembly
Native extension for WindowsStandalone target not found
Native extension for WebGL target not found
Refreshing native plugins compatible for Editor in 192.17 ms, found 1 plugins.
Preloading 0 native plugins for Editor in 0.00 ms.
Invoked RoslynAnalysisRunner static constructor.
RoslynAnalysisRunner will not be running.
RoslynAnalysisRunner has terminated.
Mono: successfully reloaded assembly
- Completed reload, in  3.541 seconds
Platform modules already initialized, skipping
========================================================================
Worker process is ready to serve import requests
Launched and connected shader compiler UnityShaderCompiler.exe after 0.08 seconds
Refreshing native plugins compatible for Editor in 0.60 ms, found 1 plugins.
Preloading 0 native plugins for Editor in 0.00 ms.
Unloading 1957 Unused Serialized files (Serialized files now loaded: 0)
System memory in use before: 92.6 MB.
System memory in use after: 91.7 MB.

Unloading 39 unused Assets to reduce memory usage. Loaded Objects now: 2385.
Total: 4.803300 ms (FindLiveObjects: 0.248300 ms CreateObjectMapping: 0.111500 ms MarkObjects: 3.558700 ms  DeleteObjects: 0.882400 ms)

========================================================================
Received Import Request.
  path: Assets/Level1Scripts/MatchingGame
  artifactKey: Guid(580ed8d0aba2f14458586e263016867b) Importer(815301076,1909f56bfc062723c751e8b465ee728b)
Start importing Assets/Level1Scripts/MatchingGame using Guid(580ed8d0aba2f14458586e263016867b) Importer(815301076,1909f56bfc062723c751e8b465ee728b)  -> (artifact id: '6365ef1a13ad7fa2d91eafd80c09ef6e') in 0.018049 seconds
  Import took 0.028458 seconds .

========================================================================
Received Prepare
Registering precompiled user dll's ...
Registered in 0.002767 seconds.
Begin MonoManager ReloadAssembly
Native extension for WindowsStandalone target not found
Native extension for WebGL target not found
Refreshing native plugins compatible for Editor in 0.98 ms, found 1 plugins.
Preloading 0 native plugins for Editor in 0.00 ms.
Invoked RoslynAnalysisRunner static constructor.
RoslynAnalysisRunner will not be running.
RoslynAnalysisRunner has terminated.
Mono: successfully reloaded assembly
- Completed reload, in  2.535 seconds
Platform modules already initialized, skipping
Refreshing native plugins compatible for Editor in 0.79 ms, found 1 plugins.
Preloading 0 native plugins for Editor in 0.00 ms.
Unloading 1951 Unused Serialized files (Serialized files now loaded: 0)
System memory in use before: 92.5 MB.
System memory in use after: 91.7 MB.

Unloading 27 unused Assets to reduce memory usage. Loaded Objects now: 2390.
Total: 5.324600 ms (FindLiveObjects: 0.333300 ms CreateObjectMapping: 0.215400 ms MarkObjects: 3.671300 ms  DeleteObjects: 1.100900 ms)

========================================================================
Received Import Request.
  Time since last request: 51.287556 seconds.
  path: Assets/Level1Scripts/MatchingGame/ScreenController.cs
  artifactKey: Guid(7cdeca1dffa87ba4c90c13de664cc6fe) Importer(815301076,1909f56bfc062723c751e8b465ee728b)
Start importing Assets/Level1Scripts/MatchingGame/ScreenController.cs using Guid(7cdeca1dffa87ba4c90c13de664cc6fe) Importer(815301076,1909f56bfc062723c751e8b465ee728b)  -> (artifact id: '380d4ae14e501a22271f2ee0d0fd7edb') in 0.055613 seconds
  Import took 0.065076 seconds .

========================================================================
Received Import Request.
  Time since last request: 0.027834 seconds.
  path: Assets/Level1Scripts/MatchingGame/ScreenController.cs
  artifactKey: Guid(7cdeca1dffa87ba4c90c13de664cc6fe) Importer(815301076,1909f56bfc062723c751e8b465ee728b)
Start importing Assets/Level1Scripts/MatchingGame/ScreenController.cs using Guid(7cdeca1dffa87ba4c90c13de664cc6fe) Importer(815301076,1909f56bfc062723c751e8b465ee728b)  -> (artifact id: '380d4ae14e501a22271f2ee0d0fd7edb') in 0.005185 seconds
  Import took 0.012445 seconds .

========================================================================
Received Import Request.
  Time since last request: 567.113511 seconds.
  path: Assets/Level1Scripts/MatchingGame/MainCard.cs
  artifactKey: Guid(d42e54530073db545a38f9abfd0a588f) Importer(815301076,1909f56bfc062723c751e8b465ee728b)
Start importing Assets/Level1Scripts/MatchingGame/MainCard.cs using Guid(d42e54530073db545a38f9abfd0a588f) Importer(815301076,1909f56bfc062723c751e8b465ee728b)  -> (artifact id: 'd196bd1b4189873fcfb455d6e4060b5d') in 0.005675 seconds
  Import took 0.014221 seconds .

========================================================================
Received Import Request.
  Time since last request: 0.002429 seconds.
  path: Assets/Level1Scripts/MatchingGame/MainCard.cs
  artifactKey: Guid(d42e54530073db545a38f9abfd0a588f) Importer(815301076,1909f56bfc062723c751e8b465ee728b)
Start importing Assets/Level1Scripts/MatchingGame/MainCard.cs using Guid(d42e54530073db545a38f9abfd0a588f) Importer(815301076,1909f56bfc062723c751e8b465ee728b)  -> (artifact id: 'd196bd1b4189873fcfb455d6e4060b5d') in 0.005797 seconds
  Import took 0.011946 seconds .

